{"/home/ben/Code/task-escalator/functions/src/admin.ts": {"path":"/home/ben/Code/task-escalator/functions/src/admin.ts","statementMap":{"0":{"start":{"line":1,"column":0},"end":{"line":1,"column":40}},"1":{"start":{"line":2,"column":0},"end":{"line":2,"column":48}},"2":{"start":{"line":3,"column":0},"end":{"line":3,"column":30}},"3":{"start":{"line":5,"column":0},"end":{"line":5,"column":49}},"4":{"start":{"line":7,"column":11},"end":{"line":7,"column":28}},"5":{"start":{"line":16,"column":2},"end":{"line":16,"column":4}},"6":{"start":{"line":9,"column":16},"end":{"line":13,"column":4}},"7":{"start":{"line":17,"column":2},"end":{"line":17,"column":9}}},"fnMap":{},"branchMap":{},"s":{"0":4,"1":4,"2":4,"3":4,"4":4,"5":4,"6":4,"7":4},"f":{},"b":{}}
,"/home/ben/Code/task-escalator/functions/src/chronFetchUpdatedTasks.ts": {"path":"/home/ben/Code/task-escalator/functions/src/chronFetchUpdatedTasks.ts","statementMap":{"0":{"start":{"line":1,"column":0},"end":{"line":1,"column":47}},"1":{"start":{"line":2,"column":0},"end":{"line":2,"column":28}},"2":{"start":{"line":3,"column":0},"end":{"line":3,"column":34}},"3":{"start":{"line":9,"column":13},"end":{"line":9,"column":39}},"4":{"start":{"line":9,"column":34},"end":{"line":9,"column":38}},"5":{"start":{"line":12,"column":15},"end":{"line":12,"column":47}},"6":{"start":{"line":13,"column":15},"end":{"line":13,"column":34}},"7":{"start":{"line":15,"column":20},"end":{"line":15,"column":32}},"8":{"start":{"line":16,"column":25},"end":{"line":16,"column":47}},"9":{"start":{"line":17,"column":18},"end":{"line":17,"column":29}},"10":{"start":{"line":18,"column":26},"end":{"line":20,"column":null}},"11":{"start":{"line":22,"column":20},"end":{"line":22,"column":23}},"12":{"start":{"line":23,"column":16},"end":{"line":27,"column":2}},"13":{"start":{"line":30,"column":17},"end":{"line":30,"column":60}},"14":{"start":{"line":31,"column":17},"end":{"line":31,"column":39}},"15":{"start":{"line":32,"column":36},"end":{"line":32,"column":52}},"16":{"start":{"line":33,"column":4},"end":{"line":33,"column":16}},"17":{"start":{"line":36,"column":13},"end":{"line":84,"column":null}},"18":{"start":{"line":38,"column":40},"end":{"line":38,"column":42}},"19":{"start":{"line":39,"column":4},"end":{"line":44,"column":null}},"20":{"start":{"line":40,"column":34},"end":{"line":40,"column":60}},"21":{"start":{"line":41,"column":8},"end":{"line":41,"column":45}},"22":{"start":{"line":43,"column":8},"end":{"line":43,"column":27}},"23":{"start":{"line":45,"column":4},"end":{"line":45,"column":43}},"24":{"start":{"line":45,"column":31},"end":{"line":45,"column":43}},"25":{"start":{"line":47,"column":19},"end":{"line":47,"column":21}},"26":{"start":{"line":48,"column":24},"end":{"line":48,"column":26}},"27":{"start":{"line":50,"column":4},"end":{"line":57,"column":null}},"28":{"start":{"line":51,"column":21},"end":{"line":51,"column":48}},"29":{"start":{"line":52,"column":27},"end":{"line":52,"column":41}},"30":{"start":{"line":53,"column":8},"end":{"line":55,"column":null}},"31":{"start":{"line":54,"column":12},"end":{"line":54,"column":41}},"32":{"start":{"line":56,"column":8},"end":{"line":56,"column":45}},"33":{"start":{"line":58,"column":23},"end":{"line":61,"column":null}},"34":{"start":{"line":63,"column":4},"end":{"line":65,"column":null}},"35":{"start":{"line":64,"column":8},"end":{"line":64,"column":45}},"36":{"start":{"line":67,"column":32},"end":{"line":67,"column":57}},"37":{"start":{"line":69,"column":4},"end":{"line":82,"column":null}},"38":{"start":{"line":71,"column":40},"end":{"line":73,"column":10}},"39":{"start":{"line":74,"column":27},"end":{"line":74,"column":60}},"40":{"start":{"line":75,"column":8},"end":{"line":81,"column":null}},"41":{"start":{"line":76,"column":12},"end":{"line":76,"column":62}},"42":{"start":{"line":78,"column":12},"end":{"line":80,"column":15}},"43":{"start":{"line":83,"column":4},"end":{"line":83,"column":16}}},"fnMap":{"0":{"name":"(anonymous_1)","decl":{"start":{"line":9,"column":28},"end":{"line":9,"column":31}},"loc":{"start":{"line":9,"column":34},"end":{"line":9,"column":38}}},"1":{"name":"extractDataFromMsg","decl":{"start":{"line":29,"column":9},"end":{"line":29,"column":27}},"loc":{"start":{"line":29,"column":54},"end":{"line":34,"column":1}}},"2":{"name":"(anonymous_3)","decl":{"start":{"line":36,"column":38},"end":{"line":36,"column":43}},"loc":{"start":{"line":36,"column":49},"end":{"line":84,"column":1}}}},"branchMap":{"0":{"loc":{"start":{"line":45,"column":4},"end":{"line":45,"column":43}},"type":"if","locations":[{"start":{"line":45,"column":4},"end":{"line":45,"column":43}},{"start":{"line":45,"column":4},"end":{"line":45,"column":43}}]},"1":{"loc":{"start":{"line":53,"column":8},"end":{"line":55,"column":null}},"type":"if","locations":[{"start":{"line":53,"column":8},"end":{"line":55,"column":null}},{"start":{"line":53,"column":8},"end":{"line":55,"column":null}}]},"2":{"loc":{"start":{"line":63,"column":4},"end":{"line":65,"column":null}},"type":"if","locations":[{"start":{"line":63,"column":4},"end":{"line":65,"column":null}},{"start":{"line":63,"column":4},"end":{"line":65,"column":null}}]}},"s":{"0":1,"1":1,"2":1,"3":1,"4":1,"5":1,"6":1,"7":1,"8":1,"9":1,"10":1,"11":1,"12":1,"13":0,"14":0,"15":0,"16":0,"17":1,"18":0,"19":0,"20":0,"21":0,"22":0,"23":0,"24":0,"25":0,"26":0,"27":0,"28":0,"29":0,"30":0,"31":0,"32":0,"33":0,"34":0,"35":0,"36":0,"37":0,"38":0,"39":0,"40":0,"41":0,"42":0,"43":0},"f":{"0":1,"1":0,"2":0},"b":{"0":[0,0],"1":[0,0],"2":[0,0]}}
,"/home/ben/Code/task-escalator/functions/src/createUserDocument.ts": {"path":"/home/ben/Code/task-escalator/functions/src/createUserDocument.ts","statementMap":{"0":{"start":{"line":1,"column":0},"end":{"line":1,"column":29}},"1":{"start":{"line":8,"column":13},"end":{"line":17,"column":2}},"2":{"start":{"line":9,"column":17},"end":{"line":9,"column":53}},"3":{"start":{"line":10,"column":18},"end":{"line":14,"column":null}},"4":{"start":{"line":16,"column":2},"end":{"line":16,"column":17}},"5":{"start":{"line":19,"column":13},"end":{"line":19,"column":39}},"6":{"start":{"line":19,"column":34},"end":{"line":19,"column":38}}},"fnMap":{"0":{"name":"(anonymous_0)","decl":{"start":{"line":8,"column":34},"end":{"line":8,"column":35}},"loc":{"start":{"line":8,"column":59},"end":{"line":17,"column":1}}},"1":{"name":"(anonymous_1)","decl":{"start":{"line":19,"column":28},"end":{"line":19,"column":31}},"loc":{"start":{"line":19,"column":34},"end":{"line":19,"column":38}}}},"branchMap":{},"s":{"0":1,"1":1,"2":0,"3":0,"4":0,"5":1,"6":1},"f":{"0":0,"1":1},"b":{}}
,"/home/ben/Code/task-escalator/functions/src/processTaskChanges.ts": {"path":"/home/ben/Code/task-escalator/functions/src/processTaskChanges.ts","statementMap":{"0":{"start":{"line":1,"column":0},"end":{"line":1,"column":46}},"1":{"start":{"line":3,"column":0},"end":{"line":3,"column":28}},"2":{"start":{"line":4,"column":0},"end":{"line":4,"column":34}},"3":{"start":{"line":6,"column":15},"end":{"line":6,"column":27}},"4":{"start":{"line":8,"column":13},"end":{"line":8,"column":39}},"5":{"start":{"line":8,"column":34},"end":{"line":8,"column":38}},"6":{"start":{"line":12,"column":13},"end":{"line":40,"column":2}},"7":{"start":{"line":13,"column":28},"end":{"line":13,"column":54}},"8":{"start":{"line":21,"column":24},"end":{"line":21,"column":41}},"9":{"start":{"line":22,"column":2},"end":{"line":24,"column":null}},"10":{"start":{"line":23,"column":4},"end":{"line":23,"column":27}},"11":{"start":{"line":27,"column":15},"end":{"line":29,"column":4}},"12":{"start":{"line":30,"column":21},"end":{"line":30,"column":54}},"13":{"start":{"line":31,"column":2},"end":{"line":38,"column":null}},"14":{"start":{"line":32,"column":4},"end":{"line":32,"column":50}},"15":{"start":{"line":34,"column":4},"end":{"line":36,"column":7}},"16":{"start":{"line":39,"column":2},"end":{"line":39,"column":25}}},"fnMap":{"0":{"name":"(anonymous_1)","decl":{"start":{"line":8,"column":28},"end":{"line":8,"column":31}},"loc":{"start":{"line":8,"column":34},"end":{"line":8,"column":38}}},"1":{"name":"(anonymous_2)","decl":{"start":{"line":12,"column":34},"end":{"line":12,"column":39}},"loc":{"start":{"line":12,"column":72},"end":{"line":40,"column":1}}}},"branchMap":{"0":{"loc":{"start":{"line":22,"column":2},"end":{"line":24,"column":null}},"type":"if","locations":[{"start":{"line":22,"column":2},"end":{"line":24,"column":null}},{"start":{"line":22,"column":2},"end":{"line":24,"column":null}}]}},"s":{"0":1,"1":1,"2":1,"3":1,"4":1,"5":1,"6":1,"7":0,"8":0,"9":0,"10":0,"11":0,"12":0,"13":0,"14":0,"15":0,"16":0},"f":{"0":1,"1":0},"b":{"0":[0,0]}}
,"/home/ben/Code/task-escalator/functions/src/pubsubSyncUser.ts": {"path":"/home/ben/Code/task-escalator/functions/src/pubsubSyncUser.ts","statementMap":{"0":{"start":{"line":1,"column":0},"end":{"line":1,"column":26}},"1":{"start":{"line":2,"column":0},"end":{"line":2,"column":28}},"2":{"start":{"line":3,"column":0},"end":{"line":3,"column":42}},"3":{"start":{"line":4,"column":0},"end":{"line":4,"column":43}},"4":{"start":{"line":5,"column":0},"end":{"line":5,"column":36}},"5":{"start":{"line":6,"column":0},"end":{"line":6,"column":29}},"6":{"start":{"line":17,"column":13},"end":{"line":29,"column":2}},"7":{"start":{"line":19,"column":36},"end":{"line":19,"column":107}},"8":{"start":{"line":20,"column":23},"end":{"line":20,"column":37}},"9":{"start":{"line":21,"column":4},"end":{"line":21,"column":33}},"10":{"start":{"line":21,"column":21},"end":{"line":21,"column":33}},"11":{"start":{"line":23,"column":38},"end":{"line":23,"column":68}},"12":{"start":{"line":25,"column":41},"end":{"line":25,"column":71}},"13":{"start":{"line":27,"column":4},"end":{"line":27,"column":52}},"14":{"start":{"line":28,"column":4},"end":{"line":28,"column":16}},"15":{"start":{"line":31,"column":21},"end":{"line":43,"column":1}},"16":{"start":{"line":32,"column":22},"end":{"line":33,"column":49}},"17":{"start":{"line":35,"column":4},"end":{"line":42,"column":null}},"18":{"start":{"line":36,"column":29},"end":{"line":36,"column":50}},"19":{"start":{"line":37,"column":45},"end":{"line":37,"column":72}},"20":{"start":{"line":38,"column":8},"end":{"line":38,"column":53}},"21":{"start":{"line":39,"column":8},"end":{"line":39,"column":27}},"22":{"start":{"line":41,"column":8},"end":{"line":41,"column":29}},"23":{"start":{"line":45,"column":23},"end":{"line":63,"column":1}},"24":{"start":{"line":46,"column":38},"end":{"line":46,"column":67}},"25":{"start":{"line":47,"column":4},"end":{"line":49,"column":null}},"26":{"start":{"line":48,"column":8},"end":{"line":48,"column":41}},"27":{"start":{"line":51,"column":30},"end":{"line":51,"column":63}},"28":{"start":{"line":52,"column":34},"end":{"line":52,"column":45}},"29":{"start":{"line":53,"column":24},"end":{"line":53,"column":62}},"30":{"start":{"line":56,"column":17},"end":{"line":60,"column":6}},"31":{"start":{"line":61,"column":21},"end":{"line":61,"column":71}},"32":{"start":{"line":62,"column":4},"end":{"line":62,"column":25}},"33":{"start":{"line":66,"column":17},"end":{"line":66,"column":25}},"34":{"start":{"line":67,"column":4},"end":{"line":69,"column":null}},"35":{"start":{"line":68,"column":8},"end":{"line":68,"column":42}},"36":{"start":{"line":70,"column":24},"end":{"line":70,"column":56}},"37":{"start":{"line":71,"column":4},"end":{"line":71,"column":34}},"38":{"start":{"line":71,"column":27},"end":{"line":71,"column":34}},"39":{"start":{"line":72,"column":21},"end":{"line":79,"column":6}},"40":{"start":{"line":80,"column":16},"end":{"line":80,"column":54}},"41":{"start":{"line":81,"column":17},"end":{"line":84,"column":6}},"42":{"start":{"line":85,"column":4},"end":{"line":85,"column":55}},"43":{"start":{"line":86,"column":4},"end":{"line":86,"column":null}},"44":{"start":{"line":87,"column":4},"end":{"line":87,"column":11}},"45":{"start":{"line":90,"column":13},"end":{"line":97,"column":2}},"46":{"start":{"line":91,"column":4},"end":{"line":96,"column":7}},"47":{"start":{"line":92,"column":8},"end":{"line":92,"column":46}},"48":{"start":{"line":92,"column":33},"end":{"line":92,"column":46}},"49":{"start":{"line":93,"column":8},"end":{"line":93,"column":58}},"50":{"start":{"line":93,"column":45},"end":{"line":93,"column":58}},"51":{"start":{"line":94,"column":8},"end":{"line":94,"column":49}},"52":{"start":{"line":94,"column":36},"end":{"line":94,"column":49}},"53":{"start":{"line":95,"column":8},"end":{"line":95,"column":20}},"54":{"start":{"line":101,"column":20},"end":{"line":105,"column":28}},"55":{"start":{"line":106,"column":20},"end":{"line":106,"column":39}},"56":{"start":{"line":107,"column":4},"end":{"line":111,"column":null}},"57":{"start":{"line":108,"column":8},"end":{"line":108,"column":30}},"58":{"start":{"line":110,"column":8},"end":{"line":110,"column":18}},"59":{"start":{"line":116,"column":19},"end":{"line":116,"column":36}},"60":{"start":{"line":117,"column":20},"end":{"line":117,"column":42}},"61":{"start":{"line":118,"column":29},"end":{"line":118,"column":77}},"62":{"start":{"line":119,"column":17},"end":{"line":119,"column":40}},"63":{"start":{"line":120,"column":15},"end":{"line":120,"column":42}},"64":{"start":{"line":121,"column":25},"end":{"line":121,"column":59}},"65":{"start":{"line":122,"column":4},"end":{"line":124,"column":null}},"66":{"start":{"line":123,"column":8},"end":{"line":123,"column":42}},"67":{"start":{"line":125,"column":4},"end":{"line":130,"column":6}},"68":{"start":{"line":139,"column":13},"end":{"line":162,"column":2}},"69":{"start":{"line":141,"column":4},"end":{"line":143,"column":null}},"70":{"start":{"line":142,"column":8},"end":{"line":142,"column":24}},"71":{"start":{"line":145,"column":21},"end":{"line":145,"column":51}},"72":{"start":{"line":146,"column":27},"end":{"line":146,"column":60}},"73":{"start":{"line":149,"column":4},"end":{"line":151,"column":null}},"74":{"start":{"line":150,"column":8},"end":{"line":150,"column":24}},"75":{"start":{"line":153,"column":25},"end":{"line":153,"column":61}},"76":{"start":{"line":154,"column":28},"end":{"line":154,"column":62}},"77":{"start":{"line":155,"column":30},"end":{"line":155,"column":76}},"78":{"start":{"line":157,"column":4},"end":{"line":159,"column":null}},"79":{"start":{"line":158,"column":8},"end":{"line":158,"column":26}},"80":{"start":{"line":161,"column":4},"end":{"line":161,"column":20}},"81":{"start":{"line":165,"column":22},"end":{"line":165,"column":47}},"82":{"start":{"line":166,"column":4},"end":{"line":168,"column":null}},"83":{"start":{"line":167,"column":8},"end":{"line":167,"column":52}},"84":{"start":{"line":170,"column":23},"end":{"line":175,"column":6}},"85":{"start":{"line":176,"column":22},"end":{"line":176,"column":42}},"86":{"start":{"line":177,"column":4},"end":{"line":182,"column":25}},"87":{"start":{"line":183,"column":4},"end":{"line":183,"column":82}},"88":{"start":{"line":187,"column":21},"end":{"line":187,"column":42}},"89":{"start":{"line":188,"column":30},"end":{"line":188,"column":88}},"90":{"start":{"line":189,"column":28},"end":{"line":189,"column":75}},"91":{"start":{"line":190,"column":4},"end":{"line":190,"column":90}},"92":{"start":{"line":190,"column":33},"end":{"line":190,"column":90}},"93":{"start":{"line":192,"column":20},"end":{"line":192,"column":43}},"94":{"start":{"line":193,"column":33},"end":{"line":193,"column":61}},"95":{"start":{"line":196,"column":8},"end":{"line":198,"column":34}},"96":{"start":{"line":199,"column":28},"end":{"line":203,"column":6}},"97":{"start":{"line":205,"column":29},"end":{"line":205,"column":66}},"98":{"start":{"line":206,"column":20},"end":{"line":206,"column":45}},"99":{"start":{"line":207,"column":4},"end":{"line":209,"column":null}},"100":{"start":{"line":208,"column":8},"end":{"line":208,"column":72}},"101":{"start":{"line":210,"column":4},"end":{"line":215,"column":42}},"102":{"start":{"line":217,"column":4},"end":{"line":217,"column":11}},"103":{"start":{"line":222,"column":19},"end":{"line":225,"column":6}},"104":{"start":{"line":226,"column":32},"end":{"line":226,"column":56}},"105":{"start":{"line":228,"column":24},"end":{"line":228,"column":51}},"106":{"start":{"line":230,"column":19},"end":{"line":230,"column":89}},"107":{"start":{"line":232,"column":4},"end":{"line":238,"column":null}},"108":{"start":{"line":233,"column":29},"end":{"line":236,"column":10}},"109":{"start":{"line":237,"column":8},"end":{"line":237,"column":48}},"110":{"start":{"line":240,"column":4},"end":{"line":242,"column":null}},"111":{"start":{"line":241,"column":8},"end":{"line":241,"column":114}},"112":{"start":{"line":243,"column":4},"end":{"line":245,"column":null}},"113":{"start":{"line":244,"column":8},"end":{"line":244,"column":75}},"114":{"start":{"line":247,"column":4},"end":{"line":247,"column":11}},"115":{"start":{"line":251,"column":4},"end":{"line":254,"column":59}},"116":{"start":{"line":255,"column":4},"end":{"line":255,"column":11}},"117":{"start":{"line":259,"column":18},"end":{"line":259,"column":49}},"118":{"start":{"line":260,"column":26},"end":{"line":260,"column":44}},"119":{"start":{"line":261,"column":4},"end":{"line":263,"column":null}},"120":{"start":{"line":262,"column":8},"end":{"line":262,"column":15}},"121":{"start":{"line":265,"column":4},"end":{"line":267,"column":6}},"122":{"start":{"line":266,"column":41},"end":{"line":266,"column":73}},"123":{"start":{"line":269,"column":18},"end":{"line":272,"column":6}},"124":{"start":{"line":273,"column":4},"end":{"line":273,"column":33}},"125":{"start":{"line":274,"column":4},"end":{"line":274,"column":11}}},"fnMap":{"0":{"name":"(anonymous_2)","decl":{"start":{"line":17,"column":30},"end":{"line":17,"column":35}},"loc":{"start":{"line":17,"column":67},"end":{"line":29,"column":1}}},"1":{"name":"(anonymous_3)","decl":{"start":{"line":31,"column":21},"end":{"line":31,"column":26}},"loc":{"start":{"line":31,"column":76},"end":{"line":43,"column":1}}},"2":{"name":"(anonymous_4)","decl":{"start":{"line":45,"column":23},"end":{"line":45,"column":28}},"loc":{"start":{"line":45,"column":85},"end":{"line":63,"column":1}}},"3":{"name":"escalateTodoistTask","decl":{"start":{"line":65,"column":15},"end":{"line":65,"column":34}},"loc":{"start":{"line":65,"column":82},"end":{"line":88,"column":1}}},"4":{"name":"(anonymous_6)","decl":{"start":{"line":90,"column":27},"end":{"line":90,"column":28}},"loc":{"start":{"line":90,"column":61},"end":{"line":97,"column":1}}},"5":{"name":"(anonymous_7)","decl":{"start":{"line":91,"column":24},"end":{"line":91,"column":25}},"loc":{"start":{"line":91,"column":43},"end":{"line":96,"column":5}}},"6":{"name":"loadTaskDB","decl":{"start":{"line":100,"column":15},"end":{"line":100,"column":25}},"loc":{"start":{"line":100,"column":48},"end":{"line":113,"column":1}}},"7":{"name":"formatTodoistTaskData","decl":{"start":{"line":115,"column":9},"end":{"line":115,"column":30}},"loc":{"start":{"line":115,"column":45},"end":{"line":131,"column":1}}},"8":{"name":"(anonymous_10)","decl":{"start":{"line":139,"column":37},"end":{"line":139,"column":38}},"loc":{"start":{"line":139,"column":125},"end":{"line":162,"column":1}}},"9":{"name":"addEscalatedTask","decl":{"start":{"line":164,"column":15},"end":{"line":164,"column":31}},"loc":{"start":{"line":164,"column":77},"end":{"line":184,"column":1}}},"10":{"name":"updateFirestoreTask","decl":{"start":{"line":186,"column":15},"end":{"line":186,"column":34}},"loc":{"start":{"line":186,"column":108},"end":{"line":218,"column":1}}},"11":{"name":"handleSingleTask","decl":{"start":{"line":220,"column":15},"end":{"line":220,"column":31}},"loc":{"start":{"line":220,"column":73},"end":{"line":248,"column":1}}},"12":{"name":"updateSyncToken","decl":{"start":{"line":250,"column":15},"end":{"line":250,"column":30}},"loc":{"start":{"line":250,"column":63},"end":{"line":256,"column":1}}},"13":{"name":"processTaskUpdates","decl":{"start":{"line":258,"column":15},"end":{"line":258,"column":33}},"loc":{"start":{"line":258,"column":89},"end":{"line":275,"column":1}}},"14":{"name":"(anonymous_16)","decl":{"start":{"line":266,"column":26},"end":{"line":266,"column":27}},"loc":{"start":{"line":266,"column":41},"end":{"line":266,"column":73}}}},"branchMap":{"0":{"loc":{"start":{"line":19,"column":36},"end":{"line":19,"column":101}},"type":"binary-expr","locations":[{"start":{"line":19,"column":36},"end":{"line":19,"column":101}},{"start":{"line":19,"column":105},"end":{"line":19,"column":107}}]},"1":{"loc":{"start":{"line":21,"column":4},"end":{"line":21,"column":33}},"type":"if","locations":[{"start":{"line":21,"column":4},"end":{"line":21,"column":33}},{"start":{"line":21,"column":4},"end":{"line":21,"column":33}}]},"2":{"loc":{"start":{"line":47,"column":4},"end":{"line":49,"column":null}},"type":"if","locations":[{"start":{"line":47,"column":4},"end":{"line":49,"column":null}},{"start":{"line":47,"column":4},"end":{"line":49,"column":null}}]},"3":{"loc":{"start":{"line":67,"column":4},"end":{"line":69,"column":null}},"type":"if","locations":[{"start":{"line":67,"column":4},"end":{"line":69,"column":null}},{"start":{"line":67,"column":4},"end":{"line":69,"column":null}}]},"4":{"loc":{"start":{"line":71,"column":4},"end":{"line":71,"column":34}},"type":"if","locations":[{"start":{"line":71,"column":4},"end":{"line":71,"column":34}},{"start":{"line":71,"column":4},"end":{"line":71,"column":34}}]},"5":{"loc":{"start":{"line":92,"column":8},"end":{"line":92,"column":46}},"type":"if","locations":[{"start":{"line":92,"column":8},"end":{"line":92,"column":46}},{"start":{"line":92,"column":8},"end":{"line":92,"column":46}}]},"6":{"loc":{"start":{"line":93,"column":8},"end":{"line":93,"column":58}},"type":"if","locations":[{"start":{"line":93,"column":8},"end":{"line":93,"column":58}},{"start":{"line":93,"column":8},"end":{"line":93,"column":58}}]},"7":{"loc":{"start":{"line":94,"column":8},"end":{"line":94,"column":49}},"type":"if","locations":[{"start":{"line":94,"column":8},"end":{"line":94,"column":49}},{"start":{"line":94,"column":8},"end":{"line":94,"column":49}}]},"8":{"loc":{"start":{"line":107,"column":4},"end":{"line":111,"column":null}},"type":"if","locations":[{"start":{"line":107,"column":4},"end":{"line":111,"column":null}},{"start":{"line":107,"column":4},"end":{"line":111,"column":null}}]},"9":{"loc":{"start":{"line":122,"column":4},"end":{"line":124,"column":null}},"type":"if","locations":[{"start":{"line":122,"column":4},"end":{"line":124,"column":null}},{"start":{"line":122,"column":4},"end":{"line":124,"column":null}}]},"10":{"loc":{"start":{"line":122,"column":8},"end":{"line":122,"column":16}},"type":"binary-expr","locations":[{"start":{"line":122,"column":8},"end":{"line":122,"column":16}},{"start":{"line":122,"column":20},"end":{"line":122,"column":29}},{"start":{"line":122,"column":33},"end":{"line":122,"column":38}}]},"11":{"loc":{"start":{"line":141,"column":4},"end":{"line":143,"column":null}},"type":"if","locations":[{"start":{"line":141,"column":4},"end":{"line":143,"column":null}},{"start":{"line":141,"column":4},"end":{"line":143,"column":null}}]},"12":{"loc":{"start":{"line":149,"column":4},"end":{"line":151,"column":null}},"type":"if","locations":[{"start":{"line":149,"column":4},"end":{"line":151,"column":null}},{"start":{"line":149,"column":4},"end":{"line":151,"column":null}}]},"13":{"loc":{"start":{"line":157,"column":4},"end":{"line":159,"column":null}},"type":"if","locations":[{"start":{"line":157,"column":4},"end":{"line":159,"column":null}},{"start":{"line":157,"column":4},"end":{"line":159,"column":null}}]},"14":{"loc":{"start":{"line":166,"column":4},"end":{"line":168,"column":null}},"type":"if","locations":[{"start":{"line":166,"column":4},"end":{"line":168,"column":null}},{"start":{"line":166,"column":4},"end":{"line":168,"column":null}}]},"15":{"loc":{"start":{"line":166,"column":8},"end":{"line":166,"column":17}},"type":"binary-expr","locations":[{"start":{"line":166,"column":8},"end":{"line":166,"column":17}},{"start":{"line":166,"column":21},"end":{"line":166,"column":31}}]},"16":{"loc":{"start":{"line":173,"column":55},"end":{"line":173,"column":56}},"type":"cond-expr","locations":[{"start":{"line":173,"column":55},"end":{"line":173,"column":56}},{"start":{"line":173,"column":59},"end":{"line":173,"column":87}}]},"17":{"loc":{"start":{"line":190,"column":4},"end":{"line":190,"column":90}},"type":"if","locations":[{"start":{"line":190,"column":4},"end":{"line":190,"column":90}},{"start":{"line":190,"column":4},"end":{"line":190,"column":90}}]},"18":{"loc":{"start":{"line":197,"column":10},"end":{"line":197,"column":38}},"type":"cond-expr","locations":[{"start":{"line":197,"column":10},"end":{"line":197,"column":38}},{"start":{"line":198,"column":10},"end":{"line":198,"column":34}}]},"19":{"loc":{"start":{"line":196,"column":9},"end":{"line":196,"column":17}},"type":"binary-expr","locations":[{"start":{"line":196,"column":9},"end":{"line":196,"column":17}},{"start":{"line":196,"column":21},"end":{"line":196,"column":51}}]},"20":{"loc":{"start":{"line":207,"column":4},"end":{"line":209,"column":null}},"type":"if","locations":[{"start":{"line":207,"column":4},"end":{"line":209,"column":null}},{"start":{"line":207,"column":4},"end":{"line":209,"column":null}}]},"21":{"loc":{"start":{"line":207,"column":8},"end":{"line":207,"column":24}},"type":"binary-expr","locations":[{"start":{"line":207,"column":8},"end":{"line":207,"column":24}},{"start":{"line":207,"column":28},"end":{"line":207,"column":35}},{"start":{"line":207,"column":39},"end":{"line":207,"column":47}}]},"22":{"loc":{"start":{"line":232,"column":4},"end":{"line":238,"column":null}},"type":"if","locations":[{"start":{"line":232,"column":4},"end":{"line":238,"column":null}},{"start":{"line":232,"column":4},"end":{"line":238,"column":null}}]},"23":{"loc":{"start":{"line":240,"column":4},"end":{"line":242,"column":null}},"type":"if","locations":[{"start":{"line":240,"column":4},"end":{"line":242,"column":null}},{"start":{"line":240,"column":4},"end":{"line":242,"column":null}}]},"24":{"loc":{"start":{"line":243,"column":4},"end":{"line":245,"column":null}},"type":"if","locations":[{"start":{"line":243,"column":4},"end":{"line":245,"column":null}},{"start":{"line":243,"column":4},"end":{"line":245,"column":null}}]},"25":{"loc":{"start":{"line":261,"column":4},"end":{"line":263,"column":null}},"type":"if","locations":[{"start":{"line":261,"column":4},"end":{"line":263,"column":null}},{"start":{"line":261,"column":4},"end":{"line":263,"column":null}}]}},"s":{"0":1,"1":1,"2":1,"3":1,"4":1,"5":1,"6":1,"7":0,"8":0,"9":0,"10":0,"11":0,"12":0,"13":0,"14":0,"15":1,"16":0,"17":0,"18":0,"19":0,"20":0,"21":0,"22":0,"23":1,"24":0,"25":0,"26":0,"27":0,"28":0,"29":0,"30":0,"31":0,"32":0,"33":0,"34":0,"35":0,"36":0,"37":0,"38":0,"39":0,"40":0,"41":0,"42":0,"43":0,"44":0,"45":1,"46":1,"47":4,"48":1,"49":3,"50":1,"51":2,"52":1,"53":1,"54":0,"55":0,"56":0,"57":0,"58":0,"59":0,"60":0,"61":0,"62":0,"63":0,"64":0,"65":0,"66":0,"67":0,"68":1,"69":4,"70":1,"71":3,"72":3,"73":3,"74":1,"75":2,"76":2,"77":2,"78":2,"79":1,"80":1,"81":0,"82":0,"83":0,"84":0,"85":0,"86":0,"87":0,"88":0,"89":0,"90":0,"91":0,"92":0,"93":0,"94":0,"95":0,"96":0,"97":0,"98":0,"99":0,"100":0,"101":0,"102":0,"103":0,"104":0,"105":0,"106":0,"107":0,"108":0,"109":0,"110":0,"111":0,"112":0,"113":0,"114":0,"115":0,"116":0,"117":0,"118":0,"119":0,"120":0,"121":0,"122":0,"123":0,"124":0,"125":0},"f":{"0":0,"1":0,"2":0,"3":0,"4":1,"5":4,"6":0,"7":0,"8":4,"9":0,"10":0,"11":0,"12":0,"13":0,"14":0},"b":{"0":[0,0],"1":[0,0],"2":[0,0],"3":[0,0],"4":[0,0],"5":[1,3],"6":[1,2],"7":[1,1],"8":[0,0],"9":[0,0],"10":[0,0,0],"11":[1,3],"12":[1,2],"13":[1,1],"14":[0,0],"15":[0,0],"16":[0,0],"17":[0,0],"18":[0,0],"19":[0,0],"20":[0,0],"21":[0,0,0],"22":[0,0],"23":[0,0],"24":[0,0],"25":[0,0]}}
,"/home/ben/Code/task-escalator/functions/testHelpers/mockFirebaseSetup.ts": {"path":"/home/ben/Code/task-escalator/functions/testHelpers/mockFirebaseSetup.ts","statementMap":{"0":{"start":{"line":1,"column":0},"end":{"line":1,"column":47}},"1":{"start":{"line":3,"column":23},"end":{"line":3,"column":33}},"2":{"start":{"line":5,"column":0},"end":{"line":9,"column":3}}},"fnMap":{},"branchMap":{},"s":{"0":4,"1":4,"2":4},"f":{},"b":{}}
}
