TN:
SF:/home/ben/Code/task-escalator/functions/src/admin.ts
FNF:0
FNH:0
DA:1,4
DA:2,4
DA:3,4
DA:5,4
DA:7,4
DA:9,4
DA:16,4
DA:17,4
LF:8
LH:8
BRF:0
BRH:0
end_of_record
TN:
SF:/home/ben/Code/task-escalator/functions/src/chronFetchUpdatedTasks.ts
FN:9,(anonymous_1)
FN:29,extractDataFromMsg
FN:36,(anonymous_3)
FNF:3
FNH:1
FNDA:1,(anonymous_1)
FNDA:0,extractDataFromMsg
FNDA:0,(anonymous_3)
DA:1,1
DA:2,1
DA:3,1
DA:9,1
DA:12,1
DA:13,1
DA:15,1
DA:16,1
DA:17,1
DA:18,1
DA:22,1
DA:23,1
DA:30,0
DA:31,0
DA:32,0
DA:33,0
DA:36,1
DA:38,0
DA:39,0
DA:40,0
DA:41,0
DA:43,0
DA:45,0
DA:47,0
DA:48,0
DA:50,0
DA:51,0
DA:52,0
DA:53,0
DA:54,0
DA:56,0
DA:58,0
DA:63,0
DA:64,0
DA:67,0
DA:69,0
DA:71,0
DA:74,0
DA:75,0
DA:76,0
DA:78,0
DA:83,0
LF:42
LH:13
BRDA:45,0,0,0
BRDA:45,0,1,0
BRDA:53,1,0,0
BRDA:53,1,1,0
BRDA:63,2,0,0
BRDA:63,2,1,0
BRF:6
BRH:0
end_of_record
TN:
SF:/home/ben/Code/task-escalator/functions/src/createUserDocument.ts
FN:8,(anonymous_0)
FN:19,(anonymous_1)
FNF:2
FNH:1
FNDA:0,(anonymous_0)
FNDA:1,(anonymous_1)
DA:1,1
DA:8,1
DA:9,0
DA:10,0
DA:16,0
DA:19,1
LF:6
LH:3
BRF:0
BRH:0
end_of_record
TN:
SF:/home/ben/Code/task-escalator/functions/src/processTaskChanges.ts
FN:8,(anonymous_1)
FN:12,(anonymous_2)
FNF:2
FNH:1
FNDA:1,(anonymous_1)
FNDA:0,(anonymous_2)
DA:1,1
DA:3,1
DA:4,1
DA:6,1
DA:8,1
DA:12,1
DA:13,0
DA:21,0
DA:22,0
DA:23,0
DA:27,0
DA:30,0
DA:31,0
DA:32,0
DA:34,0
DA:39,0
LF:16
LH:6
BRDA:22,0,0,0
BRDA:22,0,1,0
BRF:2
BRH:0
end_of_record
TN:
SF:/home/ben/Code/task-escalator/functions/src/pubsubSyncUser.ts
FN:17,(anonymous_2)
FN:31,(anonymous_3)
FN:45,(anonymous_4)
FN:65,escalateTodoistTask
FN:90,(anonymous_6)
FN:91,(anonymous_7)
FN:100,loadTaskDB
FN:115,formatTodoistTaskData
FN:139,(anonymous_10)
FN:164,addEscalatedTask
FN:186,updateFirestoreTask
FN:220,handleSingleTask
FN:250,updateSyncToken
FN:258,processTaskUpdates
FN:266,(anonymous_16)
FNF:15
FNH:3
FNDA:0,(anonymous_2)
FNDA:0,(anonymous_3)
FNDA:0,(anonymous_4)
FNDA:0,escalateTodoistTask
FNDA:1,(anonymous_6)
FNDA:4,(anonymous_7)
FNDA:0,loadTaskDB
FNDA:0,formatTodoistTaskData
FNDA:4,(anonymous_10)
FNDA:0,addEscalatedTask
FNDA:0,updateFirestoreTask
FNDA:0,handleSingleTask
FNDA:0,updateSyncToken
FNDA:0,processTaskUpdates
FNDA:0,(anonymous_16)
DA:1,1
DA:2,1
DA:3,1
DA:4,1
DA:5,1
DA:6,1
DA:17,1
DA:19,0
DA:20,0
DA:21,0
DA:23,0
DA:25,0
DA:27,0
DA:28,0
DA:31,1
DA:32,0
DA:35,0
DA:36,0
DA:37,0
DA:38,0
DA:39,0
DA:41,0
DA:45,1
DA:46,0
DA:47,0
DA:48,0
DA:51,0
DA:52,0
DA:53,0
DA:56,0
DA:61,0
DA:62,0
DA:66,0
DA:67,0
DA:68,0
DA:70,0
DA:71,0
DA:72,0
DA:80,0
DA:81,0
DA:85,0
DA:86,0
DA:87,0
DA:90,1
DA:91,1
DA:92,4
DA:93,3
DA:94,2
DA:95,1
DA:101,0
DA:106,0
DA:107,0
DA:108,0
DA:110,0
DA:116,0
DA:117,0
DA:118,0
DA:119,0
DA:120,0
DA:121,0
DA:122,0
DA:123,0
DA:125,0
DA:139,1
DA:141,4
DA:142,1
DA:145,3
DA:146,3
DA:149,3
DA:150,1
DA:153,2
DA:154,2
DA:155,2
DA:157,2
DA:158,1
DA:161,1
DA:165,0
DA:166,0
DA:167,0
DA:170,0
DA:176,0
DA:177,0
DA:183,0
DA:187,0
DA:188,0
DA:189,0
DA:190,0
DA:192,0
DA:193,0
DA:196,0
DA:199,0
DA:205,0
DA:206,0
DA:207,0
DA:208,0
DA:210,0
DA:217,0
DA:222,0
DA:226,0
DA:228,0
DA:230,0
DA:232,0
DA:233,0
DA:237,0
DA:240,0
DA:241,0
DA:243,0
DA:244,0
DA:247,0
DA:251,0
DA:255,0
DA:259,0
DA:260,0
DA:261,0
DA:262,0
DA:265,0
DA:266,0
DA:269,0
DA:273,0
DA:274,0
LF:120
LH:28
BRDA:19,0,0,0
BRDA:19,0,1,0
BRDA:21,1,0,0
BRDA:21,1,1,0
BRDA:47,2,0,0
BRDA:47,2,1,0
BRDA:67,3,0,0
BRDA:67,3,1,0
BRDA:71,4,0,0
BRDA:71,4,1,0
BRDA:92,5,0,1
BRDA:92,5,1,3
BRDA:93,6,0,1
BRDA:93,6,1,2
BRDA:94,7,0,1
BRDA:94,7,1,1
BRDA:107,8,0,0
BRDA:107,8,1,0
BRDA:122,9,0,0
BRDA:122,9,1,0
BRDA:122,10,0,0
BRDA:122,10,1,0
BRDA:122,10,2,0
BRDA:141,11,0,1
BRDA:141,11,1,3
BRDA:149,12,0,1
BRDA:149,12,1,2
BRDA:157,13,0,1
BRDA:157,13,1,1
BRDA:166,14,0,0
BRDA:166,14,1,0
BRDA:166,15,0,0
BRDA:166,15,1,0
BRDA:173,16,0,0
BRDA:173,16,1,0
BRDA:190,17,0,0
BRDA:190,17,1,0
BRDA:197,18,0,0
BRDA:197,18,1,0
BRDA:196,19,0,0
BRDA:196,19,1,0
BRDA:207,20,0,0
BRDA:207,20,1,0
BRDA:207,21,0,0
BRDA:207,21,1,0
BRDA:207,21,2,0
BRDA:232,22,0,0
BRDA:232,22,1,0
BRDA:240,23,0,0
BRDA:240,23,1,0
BRDA:243,24,0,0
BRDA:243,24,1,0
BRDA:261,25,0,0
BRDA:261,25,1,0
BRF:54
BRH:12
end_of_record
TN:
SF:/home/ben/Code/task-escalator/functions/testHelpers/mockFirebaseSetup.ts
FNF:0
FNH:0
DA:1,4
DA:3,4
DA:5,4
LF:3
LH:3
BRF:0
BRH:0
end_of_record
